\BOOKMARK [1][-]{section.1}{Stoichiometry}{}% 1
\BOOKMARK [2][-]{subsection.1.1}{Balancing}{section.1}% 2
\BOOKMARK [2][-]{subsection.1.2}{Moles}{section.1}% 3
\BOOKMARK [2][-]{subsection.1.3}{Types of Reactions}{section.1}% 4
\BOOKMARK [3][-]{subsubsection.1.3.1}{Single Replacement}{subsection.1.3}% 5
\BOOKMARK [3][-]{subsubsection.1.3.2}{Double Replacement}{subsection.1.3}% 6
\BOOKMARK [3][-]{subsubsection.1.3.3}{Synthesis}{subsection.1.3}% 7
\BOOKMARK [3][-]{subsubsection.1.3.4}{Decomposition}{subsection.1.3}% 8
\BOOKMARK [3][-]{subsubsection.1.3.5}{Combustion}{subsection.1.3}% 9
\BOOKMARK [1][-]{section.2}{Solutions}{}% 10
\BOOKMARK [2][-]{subsection.2.1}{Definitions}{section.2}% 11
\BOOKMARK [2][-]{subsection.2.2}{Solubility Rules}{section.2}% 12
\BOOKMARK [1][-]{section.3}{Equilibrium}{}% 13
\BOOKMARK [2][-]{subsection.3.1}{Definitions}{section.3}% 14
\BOOKMARK [1][-]{section.4}{Energy and Enthalpy}{}% 15
\BOOKMARK [2][-]{subsection.4.1}{Definitions}{section.4}% 16
\BOOKMARK [2][-]{subsection.4.2}{Types of Reaction}{section.4}% 17
\BOOKMARK [1][-]{section.5}{Acids and Bases}{}% 18
\BOOKMARK [2][-]{subsection.5.1}{Definitions}{section.5}% 19
\BOOKMARK [2][-]{subsection.5.2}{Useful Equations}{section.5}% 20
\BOOKMARK [2][-]{subsection.5.3}{Strong Acids and Bases}{section.5}% 21
\BOOKMARK [2][-]{subsection.5.4}{Conjugate Acids and Bases}{section.5}% 22
\BOOKMARK [3][-]{subsubsection.5.4.1}{Buffer}{subsection.5.4}% 23
\BOOKMARK [2][-]{subsection.5.5}{ICE Table}{section.5}% 24
\BOOKMARK [2][-]{subsection.5.6}{Titration}{section.5}% 25
\BOOKMARK [1][-]{section.6}{Entropy and Spontaneous Reactions}{}% 26
\BOOKMARK [2][-]{subsection.6.1}{The laws of Thermodynamics}{section.6}% 27
\BOOKMARK [3][-]{subsubsection.6.1.1}{The First Law}{subsection.6.1}% 28
\BOOKMARK [3][-]{subsubsection.6.1.2}{The Second Law}{subsection.6.1}% 29
\BOOKMARK [3][-]{subsubsection.6.1.3}{The Third Law}{subsection.6.1}% 30
\BOOKMARK [2][-]{subsection.6.2}{Definitions}{section.6}% 31
\BOOKMARK [2][-]{subsection.6.3}{Spontaneous Reaction Table}{section.6}% 32
\BOOKMARK [2][-]{subsection.6.4}{Reactions that Increase Entropy}{section.6}% 33
